<?xml version="1.0" encoding="utf-8"?><testsuites name="pytest tests"><testsuite name="pytest" errors="0" failures="0" skipped="0" tests="83" time="0.685" timestamp="2025-09-30T07:16:01.847419+00:00" hostname="runnervm3ublj"><testcase classname="tests.simple_test" name="test_governance_framework" time="0.002" /><testcase classname="tests.simple_test" name="test_workflow_orchestrator" time="0.001" /><testcase classname="tests.simple_test" name="test_model_risk_manager" time="0.001" /><testcase classname="tests.simple_test" name="test_data_governance_manager" time="0.001" /><testcase classname="tests.test_ai_oversight.TestAIOversightManager" name="test_initialization" time="0.001" /><testcase classname="tests.test_ai_oversight.TestAIOversightManager" name="test_system_registration" time="0.001" /><testcase classname="tests.test_ai_oversight.TestAIOversightManager" name="test_oversight_compliance_assessment" time="0.001" /><testcase classname="tests.test_ai_oversight.TestAIOversightManager" name="test_log_decision" time="0.001" /><testcase classname="tests.test_ai_oversight.TestAIOversightManager" name="test_transparency_report_generation" time="0.001" /><testcase classname="tests.test_ai_oversight.TestAIOversightManager" name="test_audit_trail_retrieval" time="0.001" /><testcase classname="tests.test_ai_oversight.TestAIOversightManager" name="test_audit_trail_with_event_type_filter" time="0.001" /><testcase classname="tests.test_ai_oversight.TestAIOversightManager" name="test_audit_trail_with_limit" time="0.001" /><testcase classname="tests.test_ai_oversight.TestAIOversightManager" name="test_decision_escalation" time="0.001" /><testcase classname="tests.test_ai_oversight.TestAIOversightManager" name="test_transparency_report_with_date_range" time="0.001" /><testcase classname="tests.test_ai_oversight.TestAIOversightManager" name="test_compliance_assessment_unregistered_system" time="0.001" /><testcase classname="tests.test_ai_oversight.TestAIOversightManager" name="test_transparency_report_no_decisions" time="0.001" /><testcase classname="tests.test_ai_oversight.TestAIOversightManager" name="test_multiple_decision_logging" time="0.001" /><testcase classname="tests.test_data_governance_extended.TestDataGovernanceManagerExtended" name="test_privacy_compliance_check_gdpr" time="0.001" /><testcase classname="tests.test_data_governance_extended.TestDataGovernanceManagerExtended" name="test_privacy_compliance_check_ccpa" time="0.001" /><testcase classname="tests.test_data_governance_extended.TestDataGovernanceManagerExtended" name="test_data_lineage_tracking" time="0.001" /><testcase classname="tests.test_data_governance_extended.TestDataGovernanceManagerExtended" name="test_data_inventory_all_systems" time="0.001" /><testcase classname="tests.test_data_governance_extended.TestDataGovernanceManagerExtended" name="test_data_quality_with_all_metrics" time="0.001" /><testcase classname="tests.test_data_governance_extended.TestDataGovernanceManagerExtended" name="test_privacy_compliance_non_compliant" time="0.001" /><testcase classname="tests.test_data_governance_extended.TestDataGovernanceManagerExtended" name="test_data_compliance_assessment_with_records" time="0.001" /><testcase classname="tests.test_data_governance_extended.TestDataGovernanceManagerExtended" name="test_data_lineage_multiple_entries" time="0.001" /><testcase classname="tests.test_data_governance_extended.TestDataGovernanceManagerExtended" name="test_data_quality_poor_metrics" time="0.001" /><testcase classname="tests.test_data_governance_extended.TestDataGovernanceManagerExtended" name="test_data_inventory_for_specific_system" time="0.001" /><testcase classname="tests.test_data_residency.TestDataResidencyManager" name="test_initialization" time="0.001" /><testcase classname="tests.test_data_residency.TestDataResidencyManager" name="test_system_registration" time="0.001" /><testcase classname="tests.test_data_residency.TestDataResidencyManager" name="test_residency_compliance_assessment" time="0.001" /><testcase classname="tests.test_data_residency.TestDataResidencyManager" name="test_data_location_tracking" time="0.002" /><testcase classname="tests.test_data_residency.TestDataResidencyManager" name="test_residency_policy_update" time="0.001" /><testcase classname="tests.test_data_residency.TestDataResidencyManager" name="test_residency_report_generation" time="0.001" /><testcase classname="tests.test_data_residency.TestDataResidencyManager" name="test_residency_report_all_systems" time="0.001" /><testcase classname="tests.test_data_residency.TestDataResidencyManager" name="test_data_transfer_validation_compliant" time="0.001" /><testcase classname="tests.test_data_residency.TestDataResidencyManager" name="test_data_transfer_validation_non_compliant" time="0.001" /><testcase classname="tests.test_data_residency.TestDataResidencyManager" name="test_data_transfer_validation_without_system_id" time="0.001" /><testcase classname="tests.test_data_residency.TestDataResidencyManager" name="test_compliance_assessment_unregistered_system" time="0.001" /><testcase classname="tests.test_data_residency.TestDataResidencyManager" name="test_multiple_location_tracking" time="0.001" /><testcase classname="tests.test_data_residency.TestDataResidencyManager" name="test_different_sovereignty_levels" time="0.001" /><testcase classname="tests.test_data_residency.TestDataResidencyManager" name="test_cross_border_transfer_validation" time="0.001" /><testcase classname="tests.test_governance.TestGovernanceFramework" name="test_initialization" time="0.001" /><testcase classname="tests.test_governance.TestGovernanceFramework" name="test_system_registration" time="0.001" /><testcase classname="tests.test_governance.TestGovernanceFramework" name="test_compliance_assessment" time="0.001" /><testcase classname="tests.test_governance.TestGovernanceFramework" name="test_dashboard_data" time="0.001" /><testcase classname="tests.test_governance.TestWorkflowOrchestrator" name="test_initialization" time="0.001" /><testcase classname="tests.test_governance.TestWorkflowOrchestrator" name="test_workflow_initiation" time="0.001" /><testcase classname="tests.test_governance.TestWorkflowOrchestrator" name="test_workflow_status" time="0.001" /><testcase classname="tests.test_governance.TestWorkflowOrchestrator" name="test_workflow_list" time="0.001" /><testcase classname="tests.test_governance.TestModelRiskManager" name="test_model_risk_assessment" time="0.001" /><testcase classname="tests.test_governance.TestModelRiskManager" name="test_model_validation" time="0.001" /><testcase classname="tests.test_governance.TestModelRiskManager" name="test_model_report" time="0.001" /><testcase classname="tests.test_governance.TestDataGovernanceManager" name="test_data_compliance_assessment" time="0.001" /><testcase classname="tests.test_governance.TestDataGovernanceManager" name="test_data_quality_assessment" time="0.001" /><testcase classname="tests.test_governance.TestDataGovernanceManager" name="test_data_inventory" time="0.001" /><testcase classname="tests.test_iso_compliance.TestISOComplianceManager" name="test_initialization" time="0.001" /><testcase classname="tests.test_iso_compliance.TestISOComplianceManager" name="test_system_registration" time="0.001" /><testcase classname="tests.test_iso_compliance.TestISOComplianceManager" name="test_iso_compliance_assessment" time="0.001" /><testcase classname="tests.test_iso_compliance.TestISOComplianceManager" name="test_maturity_assessment" time="0.001" /><testcase classname="tests.test_iso_compliance.TestISOComplianceManager" name="test_gap_analysis" time="0.001" /><testcase classname="tests.test_iso_compliance.TestISOComplianceManager" name="test_compliance_progress_tracking" time="0.001" /><testcase classname="tests.test_iso_compliance.TestISOComplianceManager" name="test_compliance_report_generation" time="0.001" /><testcase classname="tests.test_iso_compliance.TestISOComplianceManager" name="test_compliance_report_all_systems" time="0.001" /><testcase classname="tests.test_iso_compliance.TestISOComplianceManager" name="test_compliance_assessment_unregistered_system" time="0.001" /><testcase classname="tests.test_iso_compliance.TestISOComplianceManager" name="test_gap_analysis_unregistered_system" time="0.001" /><testcase classname="tests.test_iso_compliance.TestISOComplianceManager" name="test_multiple_standards_assessment" time="0.001" /><testcase classname="tests.test_iso_compliance.TestISOComplianceManager" name="test_different_risk_levels" time="0.001" /><testcase classname="tests.test_iso_compliance.TestISOComplianceManager" name="test_industry_specific_compliance" time="0.001" /><testcase classname="tests.test_workflows_extended.TestWorkflowOrchestratorExtended" name="test_multiple_workflow_types" time="0.001" /><testcase classname="tests.test_workflows_extended.TestWorkflowOrchestratorExtended" name="test_workflow_step_execution" time="0.001" /><testcase classname="tests.test_workflows_extended.TestWorkflowOrchestratorExtended" name="test_workflow_approval" time="0.001" /><testcase classname="tests.test_workflows_extended.TestWorkflowOrchestratorExtended" name="test_workflow_rejection" time="0.001" /><testcase classname="tests.test_workflows_extended.TestWorkflowOrchestratorExtended" name="test_workflow_completion" time="0.001" /><testcase classname="tests.test_workflows_extended.TestWorkflowOrchestratorExtended" name="test_workflow_cancellation" time="0.001" /><testcase classname="tests.test_workflows_extended.TestWorkflowOrchestratorExtended" name="test_workflow_status_after_steps" time="0.001" /><testcase classname="tests.test_workflows_extended.TestWorkflowOrchestratorExtended" name="test_list_workflows_with_filters" time="0.001" /><testcase classname="tests.test_workflows_extended.TestWorkflowOrchestratorExtended" name="test_workflow_history" time="0.001" /><testcase classname="tests.test_workflows_extended.TestWorkflowOrchestratorExtended" name="test_workflow_with_invalid_type" time="0.001" /><testcase classname="tests.test_workflows_extended.TestWorkflowOrchestratorExtended" name="test_workflow_status_nonexistent" time="0.001" /><testcase classname="tests.test_workflows_extended.TestWorkflowOrchestratorExtended" name="test_workflow_templates" time="0.001" /><testcase classname="tests.test_workflows_extended.TestWorkflowOrchestratorExtended" name="test_workflow_metrics" time="0.001" /><testcase classname="tests.test_workflows_extended.TestWorkflowOrchestratorExtended" name="test_parallel_workflow_execution" time="0.001" /><testcase classname="tests.test_workflows_extended.TestWorkflowOrchestratorExtended" name="test_workflow_step_with_data" time="0.001" /></testsuite></testsuites>